<?xml version="1.0" encoding="UTF-8"?>
<testng-results ignored="0" total="1" passed="1" failed="0" skipped="0">
  <reporter-output>
  </reporter-output>
  <suite started-at="2023-04-26T12:14:36 IST" name="NopcommerceSuite" finished-at="2023-04-26T12:14:50 IST" duration-ms="14135">
    <groups>
      <group name="Master">
        <method signature="TC_001_AccountRegistrationPage.account_registration()[pri:0, instance:testCases.TC_001_AccountRegistrationPage@1a6d8329]" name="account_registration" class="testCases.TC_001_AccountRegistrationPage"/>
      </group> <!-- Master -->
      <group name="Regression">
        <method signature="TC_001_AccountRegistrationPage.account_registration()[pri:0, instance:testCases.TC_001_AccountRegistrationPage@1a6d8329]" name="account_registration" class="testCases.TC_001_AccountRegistrationPage"/>
      </group> <!-- Regression -->
    </groups>
    <test started-at="2023-04-26T12:14:36 IST" name="NopcommerceTest" finished-at="2023-04-26T12:14:50 IST" duration-ms="14135">
      <class name="testCases.TC_001_AccountRegistrationPage">
        <test-method is-config="true" signature="setup(java.lang.String)[pri:0, instance:testCases.TC_001_AccountRegistrationPage@1a6d8329]" started-at="2023-04-26T12:14:37 IST" name="setup" finished-at="2023-04-26T12:14:46 IST" duration-ms="9412" status="PASS">
          <params>
            <param index="0">
              <value>
                <![CDATA[edge]]>
              </value>
            </param>
          </params>
          <reporter-output>
          </reporter-output>
        </test-method> <!-- setup -->
        <test-method signature="account_registration()[pri:0, instance:testCases.TC_001_AccountRegistrationPage@1a6d8329]" started-at="2023-04-26T12:14:46 IST" name="account_registration" finished-at="2023-04-26T12:14:50 IST" duration-ms="3618" status="PASS">
          <reporter-output>
          </reporter-output>
        </test-method> <!-- account_registration -->
        <test-method is-config="true" signature="teardown()[pri:0, instance:testCases.TC_001_AccountRegistrationPage@1a6d8329]" started-at="2023-04-26T12:14:50 IST" name="teardown" finished-at="2023-04-26T12:14:50 IST" duration-ms="443" status="PASS">
          <reporter-output>
          </reporter-output>
        </test-method> <!-- teardown -->
      </class> <!-- testCases.TC_001_AccountRegistrationPage -->
    </test> <!-- NopcommerceTest -->
  </suite> <!-- NopcommerceSuite -->
</testng-results>
